stat: cannot statx 'comparision/unicamo/7.mp4': No such file or directory
comparision/unicamo/7.mp4: No such file or directory
stat: cannot statx 'comparision/unicamo/7.mp4.tmp.mp4': No such file or directory
bash: line 17: [: : integer expression expected
rm: cannot remove 'comparision/unicamo/7.mp4.tmp.mp4': No such file or directory
[1/16] skip  comparision/unicamo/7.mp4
stat: cannot statx 'comparision/unicamo/8.mp4': No such file or directory
comparision/unicamo/8.mp4: No such file or directory
stat: cannot statx 'comparision/unicamo/8.mp4.tmp.mp4': No such file or directory
bash: line 17: [: : integer expression expected
rm: cannot remove 'comparision/unicamo/8.mp4.tmp.mp4': No such file or directory
[2/16] skip  comparision/unicamo/8.mp4
stat: cannot statx 'comparision/unicamo/9.mp4': No such file or directory
comparision/unicamo/9.mp4: No such file or directory
stat: cannot statx 'comparision/unicamo/9.mp4.tmp.mp4': No such file or directory
bash: line 17: [: : integer expression expected
rm: cannot remove 'comparision/unicamo/9.mp4.tmp.mp4': No such file or directory
[3/16] skip  comparision/unicamo/9.mp4
stat: cannot statx 'comparision/unicamo/10.mp4': No such file or directory
comparision/unicamo/10.mp4: No such file or directory
stat: cannot statx 'comparision/unicamo/10.mp4.tmp.mp4': No such file or directory
bash: line 17: [: : integer expression expected
rm: cannot remove 'comparision/unicamo/10.mp4.tmp.mp4': No such file or directory
[4/16] skip  comparision/unicamo/10.mp4
stat: cannot statx 'comparision/unicamo/11.mp4': No such file or directory
comparision/unicamo/11.mp4: No such file or directory
stat: cannot statx 'comparision/unicamo/11.mp4.tmp.mp4': No such file or directory
bash: line 17: [: : integer expression expected
rm: cannot remove 'comparision/unicamo/11.mp4.tmp.mp4': No such file or directory
[5/16] skip  comparision/unicamo/11.mp4
stat: cannot statx 'comparision/unicamo/12.mp4': No such file or directory
comparision/unicamo/12.mp4: No such file or directory
stat: cannot statx 'comparision/unicamo/12.mp4.tmp.mp4': No such file or directory
bash: line 17: [: : integer expression expected
rm: cannot remove 'comparision/unicamo/12.mp4.tmp.mp4': No such file or directory
[6/16] skip  comparision/unicamo/12.mp4
stat: cannot statx 'comparision/unicamo/13.mp4': No such file or directory
comparision/unicamo/13.mp4: No such file or directory
stat: cannot statx 'comparision/unicamo/13.mp4.tmp.mp4': No such file or directory
bash: line 17: [: : integer expression expected
rm: cannot remove 'comparision/unicamo/13.mp4.tmp.mp4': No such file or directory
[7/16] skip  comparision/unicamo/13.mp4
stat: cannot statx 'comparision/unicamo/14.mp4': No such file or directory
comparision/unicamo/14.mp4: No such file or directory
stat: cannot statx 'comparision/unicamo/14.mp4.tmp.mp4': No such file or directory
bash: line 17: [: : integer expression expected
rm: cannot remove 'comparision/unicamo/14.mp4.tmp.mp4': No such file or directory
[8/16] skip  comparision/unicamo/14.mp4
stat: cannot statx 'comparision/wanmove/7.mp4': No such file or directory
comparision/wanmove/7.mp4: No such file or directory
stat: cannot statx 'comparision/wanmove/7.mp4.tmp.mp4': No such file or directory
bash: line 17: [: : integer expression expected
rm: cannot remove 'comparision/wanmove/7.mp4.tmp.mp4': No such file or directory
[9/16] skip  comparision/wanmove/7.mp4
stat: cannot statx 'comparision/wanmove/8.mp4': No such file or directory
comparision/wanmove/8.mp4: No such file or directory
stat: cannot statx 'comparision/wanmove/8.mp4.tmp.mp4': No such file or directory
bash: line 17: [: : integer expression expected
rm: cannot remove 'comparision/wanmove/8.mp4.tmp.mp4': No such file or directory
[10/16] skip  comparision/wanmove/8.mp4
stat: cannot statx 'comparision/wanmove/9.mp4': No such file or directory
comparision/wanmove/9.mp4: No such file or directory
stat: cannot statx 'comparision/wanmove/9.mp4.tmp.mp4': No such file or directory
bash: line 17: [: : integer expression expected
rm: cannot remove 'comparision/wanmove/9.mp4.tmp.mp4': No such file or directory
[11/16] skip  comparision/wanmove/9.mp4
stat: cannot statx 'comparision/wanmove/10.mp4': No such file or directory
comparision/wanmove/10.mp4: No such file or directory
stat: cannot statx 'comparision/wanmove/10.mp4.tmp.mp4': No such file or directory
bash: line 17: [: : integer expression expected
rm: cannot remove 'comparision/wanmove/10.mp4.tmp.mp4': No such file or directory
[12/16] skip  comparision/wanmove/10.mp4
stat: cannot statx 'comparision/wanmove/11.mp4': No such file or directory
comparision/wanmove/11.mp4: No such file or directory
stat: cannot statx 'comparision/wanmove/11.mp4.tmp.mp4': No such file or directory
bash: line 17: [: : integer expression expected
rm: cannot remove 'comparision/wanmove/11.mp4.tmp.mp4': No such file or directory
[13/16] skip  comparision/wanmove/11.mp4
stat: cannot statx 'comparision/wanmove/12.mp4': No such file or directory
comparision/wanmove/12.mp4: No such file or directory
stat: cannot statx 'comparision/wanmove/12.mp4.tmp.mp4': No such file or directory
bash: line 17: [: : integer expression expected
rm: cannot remove 'comparision/wanmove/12.mp4.tmp.mp4': No such file or directory
[14/16] skip  comparision/wanmove/12.mp4
stat: cannot statx 'comparision/wanmove/13.mp4': No such file or directory
comparision/wanmove/13.mp4: No such file or directory
stat: cannot statx 'comparision/wanmove/13.mp4.tmp.mp4': No such file or directory
bash: line 17: [: : integer expression expected
rm: cannot remove 'comparision/wanmove/13.mp4.tmp.mp4': No such file or directory
[15/16] skip  comparision/wanmove/13.mp4
stat: cannot statx 'comparision/wanmove/14.mp4': No such file or directory
comparision/wanmove/14.mp4: No such file or directory
stat: cannot statx 'comparision/wanmove/14.mp4.tmp.mp4': No such file or directory
bash: line 17: [: : integer expression expected
rm: cannot remove 'comparision/wanmove/14.mp4.tmp.mp4': No such file or directory
[16/16] skip  comparision/wanmove/14.mp4
DONE
